F:\2016_03_13谭智勇\桌面资料搬移\新建文件夹\业余项目\CompositionOptimization\CompositionOptimization\Release\cl.command.1.tlog
F:\2016_03_13谭智勇\桌面资料搬移\新建文件夹\业余项目\CompositionOptimization\CompositionOptimization\Release\CL.read.1.tlog
F:\2016_03_13谭智勇\桌面资料搬移\新建文件夹\业余项目\CompositionOptimization\CompositionOptimization\Release\CL.write.1.tlog
F:\2016_03_13谭智勇\桌面资料搬移\新建文件夹\业余项目\COMPOSITIONOPTIMIZATION\COMPOSITIONOPTIMIZATION\RELEASE\COMPOSITIONOPTIMIZATION.EXE.INTERMEDIATE.MANIFEST
F:\2016_03_13谭智勇\桌面资料搬移\新建文件夹\业余项目\COMPOSITIONOPTIMIZATION\COMPOSITIONOPTIMIZATION\RELEASE\COMPOSITIONOPTIMIZATION.OBJ
F:\2016_03_13谭智勇\桌面资料搬移\新建文件夹\业余项目\COMPOSITIONOPTIMIZATION\COMPOSITIONOPTIMIZATION\RELEASE\COMPOSITIONOPTIMIZATION.PCH
F:\2016_03_13谭智勇\桌面资料搬移\新建文件夹\业余项目\COMPOSITIONOPTIMIZATION\COMPOSITIONOPTIMIZATION\RELEASE\COMPOSITIONOPTIMIZATION.RES
F:\2016_03_13谭智勇\桌面资料搬移\新建文件夹\业余项目\CompositionOptimization\CompositionOptimization\Release\CompositionOptimization.write.1.tlog
F:\2016_03_13谭智勇\桌面资料搬移\新建文件夹\业余项目\COMPOSITIONOPTIMIZATION\COMPOSITIONOPTIMIZATION\RELEASE\COMPOSITIONOPTIMIZATIONDLG.OBJ
F:\2016_03_13谭智勇\桌面资料搬移\新建文件夹\业余项目\CompositionOptimization\CompositionOptimization\Release\link.command.1.tlog
F:\2016_03_13谭智勇\桌面资料搬移\新建文件夹\业余项目\CompositionOptimization\CompositionOptimization\Release\link.read.1.tlog
F:\2016_03_13谭智勇\桌面资料搬移\新建文件夹\业余项目\CompositionOptimization\CompositionOptimization\Release\link.write.1.tlog
F:\2016_03_13谭智勇\桌面资料搬移\新建文件夹\业余项目\CompositionOptimization\CompositionOptimization\Release\link-cvtres.read.1.tlog
F:\2016_03_13谭智勇\桌面资料搬移\新建文件夹\业余项目\CompositionOptimization\CompositionOptimization\Release\link-cvtres.write.1.tlog
F:\2016_03_13谭智勇\桌面资料搬移\新建文件夹\业余项目\CompositionOptimization\CompositionOptimization\Release\mt.command.1.tlog
F:\2016_03_13谭智勇\桌面资料搬移\新建文件夹\业余项目\CompositionOptimization\CompositionOptimization\Release\mt.read.1.tlog
F:\2016_03_13谭智勇\桌面资料搬移\新建文件夹\业余项目\CompositionOptimization\CompositionOptimization\Release\mt.write.1.tlog
F:\2016_03_13谭智勇\桌面资料搬移\新建文件夹\业余项目\CompositionOptimization\CompositionOptimization\Release\rc.command.1.tlog
F:\2016_03_13谭智勇\桌面资料搬移\新建文件夹\业余项目\CompositionOptimization\CompositionOptimization\Release\rc.read.1.tlog
F:\2016_03_13谭智勇\桌面资料搬移\新建文件夹\业余项目\CompositionOptimization\CompositionOptimization\Release\rc.write.1.tlog
F:\2016_03_13谭智勇\桌面资料搬移\新建文件夹\业余项目\COMPOSITIONOPTIMIZATION\COMPOSITIONOPTIMIZATION\RELEASE\STDAFX.OBJ
F:\2016_03_13谭智勇\桌面资料搬移\新建文件夹\业余项目\COMPOSITIONOPTIMIZATION\COMPOSITIONOPTIMIZATION\RELEASE\VC100.PDB
F:\2016_03_13谭智勇\桌面资料搬移\新建文件夹\业余项目\COMPOSITIONOPTIMIZATION\RELEASE\COMPOSITIONOPTIMIZATION.EXE
F:\2016_03_13谭智勇\桌面资料搬移\新建文件夹\业余项目\COMPOSITIONOPTIMIZATION\RELEASE\COMPOSITIONOPTIMIZATION.PDB
