F:\2016_03_13谭智勇\GITHUB\-\COMPOSITIONOPTIMIZATION\COMPOSITIONOPTIMIZATION\RELEASE\COMPOSITIONOPTIMIZATION.OBJ
F:\2016_03_13谭智勇\GITHUB\-\COMPOSITIONOPTIMIZATION\COMPOSITIONOPTIMIZATION\RELEASE\COMPOSITIONOPTIMIZATION.RES
F:\2016_03_13谭智勇\GITHUB\-\COMPOSITIONOPTIMIZATION\COMPOSITIONOPTIMIZATION\RELEASE\COMPOSITIONOPTIMIZATIONDLG.OBJ
F:\2016_03_13谭智勇\GITHUB\-\COMPOSITIONOPTIMIZATION\COMPOSITIONOPTIMIZATION\RELEASE\DOWNLOAD.OBJ
F:\2016_03_13谭智勇\GITHUB\-\COMPOSITIONOPTIMIZATION\COMPOSITIONOPTIMIZATION\RELEASE\STDAFX.OBJ
F:\2016_03_13谭智勇\GITHUB\-\COMPOSITIONOPTIMIZATION\COMPOSITIONOPTIMIZATION\RELEASE\VC100.PDB
F:\2016_03_13谭智勇\GITHUB\-\COMPOSITIONOPTIMIZATION\COMPOSITIONOPTIMIZATION\RELEASE\组分优选.EXE.INTERMEDIATE.MANIFEST
F:\2016_03_13谭智勇\GITHUB\-\COMPOSITIONOPTIMIZATION\COMPOSITIONOPTIMIZATION\RELEASE\组分优选.PCH
F:\2016_03_13谭智勇\GITHUB\-\COMPOSITIONOPTIMIZATION\RELEASE\组分优选.EXE
F:\2016_03_13谭智勇\GITHUB\-\COMPOSITIONOPTIMIZATION\RELEASE\组分优选.PDB
F:\2016_03_13谭智勇\github\CompositionOptimization\CompositionOptimization\CompositionOptimization\Release\cl.command.1.tlog
F:\2016_03_13谭智勇\github\CompositionOptimization\CompositionOptimization\CompositionOptimization\Release\CL.read.1.tlog
F:\2016_03_13谭智勇\github\CompositionOptimization\CompositionOptimization\CompositionOptimization\Release\CL.write.1.tlog
F:\2016_03_13谭智勇\github\CompositionOptimization\CompositionOptimization\CompositionOptimization\Release\CompositionOptimization.obj
F:\2016_03_13谭智勇\github\CompositionOptimization\CompositionOptimization\CompositionOptimization\Release\CompositionOptimization.res
F:\2016_03_13谭智勇\github\CompositionOptimization\CompositionOptimization\CompositionOptimization\Release\CompositionOptimization.vcxprojResolveAssemblyReference.cache
F:\2016_03_13谭智勇\github\CompositionOptimization\CompositionOptimization\CompositionOptimization\Release\CompositionOptimization.write.1.tlog
F:\2016_03_13谭智勇\github\CompositionOptimization\CompositionOptimization\CompositionOptimization\Release\CompositionOptimizationDlg.obj
F:\2016_03_13谭智勇\github\CompositionOptimization\CompositionOptimization\CompositionOptimization\Release\DownLoad.obj
F:\2016_03_13谭智勇\github\CompositionOptimization\CompositionOptimization\CompositionOptimization\Release\link.command.1.tlog
F:\2016_03_13谭智勇\github\CompositionOptimization\CompositionOptimization\CompositionOptimization\Release\link.read.1.tlog
F:\2016_03_13谭智勇\github\CompositionOptimization\CompositionOptimization\CompositionOptimization\Release\link.write.1.tlog
F:\2016_03_13谭智勇\github\CompositionOptimization\CompositionOptimization\CompositionOptimization\Release\link-cvtres.read.1.tlog
F:\2016_03_13谭智勇\github\CompositionOptimization\CompositionOptimization\CompositionOptimization\Release\link-cvtres.write.1.tlog
F:\2016_03_13谭智勇\github\CompositionOptimization\CompositionOptimization\CompositionOptimization\Release\mt.command.1.tlog
F:\2016_03_13谭智勇\github\CompositionOptimization\CompositionOptimization\CompositionOptimization\Release\mt.read.1.tlog
F:\2016_03_13谭智勇\github\CompositionOptimization\CompositionOptimization\CompositionOptimization\Release\mt.write.1.tlog
F:\2016_03_13谭智勇\github\CompositionOptimization\CompositionOptimization\CompositionOptimization\Release\rc.command.1.tlog
F:\2016_03_13谭智勇\github\CompositionOptimization\CompositionOptimization\CompositionOptimization\Release\rc.read.1.tlog
F:\2016_03_13谭智勇\github\CompositionOptimization\CompositionOptimization\CompositionOptimization\Release\rc.write.1.tlog
F:\2016_03_13谭智勇\github\CompositionOptimization\CompositionOptimization\CompositionOptimization\Release\stdafx.obj
F:\2016_03_13谭智勇\github\CompositionOptimization\CompositionOptimization\CompositionOptimization\Release\vc100.pdb
F:\2016_03_13谭智勇\github\CompositionOptimization\CompositionOptimization\CompositionOptimization\Release\组分优选.exe.intermediate.manifest
F:\2016_03_13谭智勇\github\CompositionOptimization\CompositionOptimization\CompositionOptimization\Release\组分优选.pch
F:\2016_03_13谭智勇\github\CompositionOptimization\CompositionOptimization\Release\组分优选.exe
F:\2016_03_13谭智勇\github\CompositionOptimization\CompositionOptimization\Release\组分优选.pdb
