F:\2016_03_13谭智勇\桌面资料搬移\新建文件夹\业余项目\CompositionOptimization\CompositionOptimization\Debug\cl.command.1.tlog
F:\2016_03_13谭智勇\桌面资料搬移\新建文件夹\业余项目\CompositionOptimization\CompositionOptimization\Debug\CL.read.1.tlog
F:\2016_03_13谭智勇\桌面资料搬移\新建文件夹\业余项目\CompositionOptimization\CompositionOptimization\Debug\CL.write.1.tlog
F:\2016_03_13谭智勇\桌面资料搬移\新建文件夹\业余项目\COMPOSITIONOPTIMIZATION\COMPOSITIONOPTIMIZATION\DEBUG\COMPOSITIONOPTIMIZATION.EXE.EMBED.MANIFEST
F:\2016_03_13谭智勇\桌面资料搬移\新建文件夹\业余项目\COMPOSITIONOPTIMIZATION\COMPOSITIONOPTIMIZATION\DEBUG\COMPOSITIONOPTIMIZATION.EXE.EMBED.MANIFEST.RES
F:\2016_03_13谭智勇\桌面资料搬移\新建文件夹\业余项目\COMPOSITIONOPTIMIZATION\COMPOSITIONOPTIMIZATION\DEBUG\COMPOSITIONOPTIMIZATION.EXE.INTERMEDIATE.MANIFEST
F:\2016_03_13谭智勇\桌面资料搬移\新建文件夹\业余项目\COMPOSITIONOPTIMIZATION\COMPOSITIONOPTIMIZATION\DEBUG\COMPOSITIONOPTIMIZATION.OBJ
F:\2016_03_13谭智勇\桌面资料搬移\新建文件夹\业余项目\COMPOSITIONOPTIMIZATION\COMPOSITIONOPTIMIZATION\DEBUG\COMPOSITIONOPTIMIZATION.PCH
F:\2016_03_13谭智勇\桌面资料搬移\新建文件夹\业余项目\COMPOSITIONOPTIMIZATION\COMPOSITIONOPTIMIZATION\DEBUG\COMPOSITIONOPTIMIZATION.RES
F:\2016_03_13谭智勇\桌面资料搬移\新建文件夹\业余项目\CompositionOptimization\CompositionOptimization\Debug\CompositionOptimization.vcxprojResolveAssemblyReference.cache
F:\2016_03_13谭智勇\桌面资料搬移\新建文件夹\业余项目\CompositionOptimization\CompositionOptimization\Debug\CompositionOptimization.write.1.tlog
F:\2016_03_13谭智勇\桌面资料搬移\新建文件夹\业余项目\CompositionOptimization\CompositionOptimization\Debug\CompositionOptimization_manifest.rc
F:\2016_03_13谭智勇\桌面资料搬移\新建文件夹\业余项目\COMPOSITIONOPTIMIZATION\COMPOSITIONOPTIMIZATION\DEBUG\COMPOSITIONOPTIMIZATIONDLG.OBJ
F:\2016_03_13谭智勇\桌面资料搬移\新建文件夹\业余项目\CompositionOptimization\CompositionOptimization\Debug\link.command.1.tlog
F:\2016_03_13谭智勇\桌面资料搬移\新建文件夹\业余项目\CompositionOptimization\CompositionOptimization\Debug\link.read.1.tlog
F:\2016_03_13谭智勇\桌面资料搬移\新建文件夹\业余项目\CompositionOptimization\CompositionOptimization\Debug\link.write.1.tlog
F:\2016_03_13谭智勇\桌面资料搬移\新建文件夹\业余项目\CompositionOptimization\CompositionOptimization\Debug\link-cvtres.read.1.tlog
F:\2016_03_13谭智勇\桌面资料搬移\新建文件夹\业余项目\CompositionOptimization\CompositionOptimization\Debug\link-cvtres.write.1.tlog
F:\2016_03_13谭智勇\桌面资料搬移\新建文件夹\业余项目\CompositionOptimization\CompositionOptimization\Debug\mt.command.1.tlog
F:\2016_03_13谭智勇\桌面资料搬移\新建文件夹\业余项目\CompositionOptimization\CompositionOptimization\Debug\mt.read.1.tlog
F:\2016_03_13谭智勇\桌面资料搬移\新建文件夹\业余项目\CompositionOptimization\CompositionOptimization\Debug\mt.write.1.tlog
F:\2016_03_13谭智勇\桌面资料搬移\新建文件夹\业余项目\CompositionOptimization\CompositionOptimization\Debug\rc.command.1.tlog
F:\2016_03_13谭智勇\桌面资料搬移\新建文件夹\业余项目\CompositionOptimization\CompositionOptimization\Debug\rc.read.1.tlog
F:\2016_03_13谭智勇\桌面资料搬移\新建文件夹\业余项目\CompositionOptimization\CompositionOptimization\Debug\rc.write.1.tlog
F:\2016_03_13谭智勇\桌面资料搬移\新建文件夹\业余项目\COMPOSITIONOPTIMIZATION\COMPOSITIONOPTIMIZATION\DEBUG\STDAFX.OBJ
F:\2016_03_13谭智勇\桌面资料搬移\新建文件夹\业余项目\CompositionOptimization\CompositionOptimization\Debug\vc100.idb
F:\2016_03_13谭智勇\桌面资料搬移\新建文件夹\业余项目\COMPOSITIONOPTIMIZATION\COMPOSITIONOPTIMIZATION\DEBUG\VC100.PDB
F:\2016_03_13谭智勇\桌面资料搬移\新建文件夹\业余项目\COMPOSITIONOPTIMIZATION\DEBUG\COMPOSITIONOPTIMIZATION.EXE
F:\2016_03_13谭智勇\桌面资料搬移\新建文件夹\业余项目\COMPOSITIONOPTIMIZATION\DEBUG\COMPOSITIONOPTIMIZATION.ILK
F:\2016_03_13谭智勇\桌面资料搬移\新建文件夹\业余项目\COMPOSITIONOPTIMIZATION\DEBUG\COMPOSITIONOPTIMIZATION.PDB
